2021-07-28 04:40:34.826  INFO 1 --- [main] c.e.share.demo.ShareDemoApplication      : Starting ShareDemoApplication v0.0.1-SNAPSHOT using Java 1.8.0_111-internal on 3eb332a83711 with PID 1 (/app/app.jar started by root in /app)
2021-07-28 04:40:34.841  INFO 1 --- [main] c.e.share.demo.ShareDemoApplication      : No active profile set, falling back to default profiles: default
2021-07-28 04:40:37.077  INFO 1 --- [main] .s.d.r.c.RepositoryConfigurationDelegate : Bootstrapping Spring Data JPA repositories in DEFAULT mode.
2021-07-28 04:40:37.226  INFO 1 --- [main] .s.d.r.c.RepositoryConfigurationDelegate : Finished Spring Data repository scanning in 124 ms. Found 1 JPA repository interfaces.
2021-07-28 04:40:38.811  INFO 1 --- [main] o.s.b.w.embedded.tomcat.TomcatWebServer  : Tomcat initialized with port(s): 8888 (http)
2021-07-28 04:40:38.842  INFO 1 --- [main] o.apache.catalina.core.StandardService   : Starting service [Tomcat]
2021-07-28 04:40:38.845  INFO 1 --- [main] org.apache.catalina.core.StandardEngine  : Starting Servlet engine: [Apache Tomcat/9.0.44]
2021-07-28 04:40:38.996  INFO 1 --- [main] o.a.c.c.C.[Tomcat].[localhost].[/]       : Initializing Spring embedded WebApplicationContext
2021-07-28 04:40:39.001  INFO 1 --- [main] w.s.c.ServletWebServerApplicationContext : Root WebApplicationContext: initialization completed in 4035 ms
2021-07-28 04:40:39.151  INFO 1 --- [main] com.zaxxer.hikari.HikariDataSource       : HikariPool-1 - Starting...
2021-07-28 04:40:39.836  INFO 1 --- [main] com.zaxxer.hikari.HikariDataSource       : HikariPool-1 - Start completed.
2021-07-28 04:40:39.866  INFO 1 --- [main] o.s.b.a.h2.H2ConsoleAutoConfiguration    : H2 console available at '/h2-console'. Database available at 'jdbc:h2:mem:jpa_test'
2021-07-28 04:40:40.322  INFO 1 --- [main] o.hibernate.jpa.internal.util.LogHelper  : HHH000204: Processing PersistenceUnitInfo [name: default]
2021-07-28 04:40:40.481  INFO 1 --- [main] org.hibernate.Version                    : HHH000412: Hibernate ORM core version 5.4.29.Final
2021-07-28 04:40:40.870  INFO 1 --- [main] o.hibernate.annotations.common.Version   : HCANN000001: Hibernate Commons Annotations {5.1.2.Final}
2021-07-28 04:40:41.251  INFO 1 --- [main] org.hibernate.dialect.Dialect            : HHH000400: Using dialect: org.hibernate.dialect.H2Dialect
2021-07-28 04:40:42.887  INFO 1 --- [main] o.h.e.t.j.p.i.JtaPlatformInitiator       : HHH000490: Using JtaPlatform implementation: [org.hibernate.engine.transaction.jta.platform.internal.NoJtaPlatform]
2021-07-28 04:40:42.915  INFO 1 --- [main] j.LocalContainerEntityManagerFactoryBean : Initialized JPA EntityManagerFactory for persistence unit 'default'
2021-07-28 04:40:44.242  WARN 1 --- [main] JpaBaseConfiguration$JpaWebConfiguration : spring.jpa.open-in-view is enabled by default. Therefore, database queries may be performed during view rendering. Explicitly configure spring.jpa.open-in-view to disable this warning
2021-07-28 04:40:45.013  INFO 1 --- [main] o.s.s.concurrent.ThreadPoolTaskExecutor  : Initializing ExecutorService 'applicationTaskExecutor'
2021-07-28 04:40:45.737  INFO 1 --- [main] o.s.b.w.embedded.tomcat.TomcatWebServer  : Tomcat started on port(s): 8888 (http) with context path ''
2021-07-28 04:40:46.347  INFO 1 --- [main] c.e.share.demo.ShareDemoApplication      : Started ShareDemoApplication in 12.825 seconds (JVM running for 14.021)
