2021-07-28 11:41:23.996  INFO 1222 --- [restartedMain] c.e.share.demo.ShareDemoApplication      : Starting ShareDemoApplication using Java 1.8.0_102 on JaphydeMacBook-Pro.local with PID 1222 (/Users/japhy/Downloads/share-demo/target/classes started by japhy in /Users/japhy/Downloads/share-demo)
2021-07-28 11:41:24.000  INFO 1222 --- [restartedMain] c.e.share.demo.ShareDemoApplication      : No active profile set, falling back to default profiles: default
2021-07-28 11:41:24.056  INFO 1222 --- [restartedMain] .e.DevToolsPropertyDefaultsPostProcessor : Devtools property defaults active! Set 'spring.devtools.add-properties' to 'false' to disable
2021-07-28 11:41:24.056  INFO 1222 --- [restartedMain] .e.DevToolsPropertyDefaultsPostProcessor : For additional web related logging consider setting the 'logging.level.web' property to 'DEBUG'
2021-07-28 11:41:24.800  INFO 1222 --- [restartedMain] .s.d.r.c.RepositoryConfigurationDelegate : Bootstrapping Spring Data JPA repositories in DEFAULT mode.
2021-07-28 11:41:24.845  INFO 1222 --- [restartedMain] .s.d.r.c.RepositoryConfigurationDelegate : Finished Spring Data repository scanning in 35 ms. Found 1 JPA repository interfaces.
2021-07-28 11:41:25.331  INFO 1222 --- [restartedMain] o.s.b.w.embedded.tomcat.TomcatWebServer  : Tomcat initialized with port(s): 8888 (http)
2021-07-28 11:41:25.338  INFO 1222 --- [restartedMain] o.apache.catalina.core.StandardService   : Starting service [Tomcat]
2021-07-28 11:41:25.338  INFO 1222 --- [restartedMain] org.apache.catalina.core.StandardEngine  : Starting Servlet engine: [Apache Tomcat/9.0.44]
2021-07-28 11:41:25.405  INFO 1222 --- [restartedMain] o.a.c.c.C.[Tomcat].[localhost].[/]       : Initializing Spring embedded WebApplicationContext
2021-07-28 11:41:25.406  INFO 1222 --- [restartedMain] w.s.c.ServletWebServerApplicationContext : Root WebApplicationContext: initialization completed in 1349 ms
2021-07-28 11:41:25.445  INFO 1222 --- [restartedMain] com.zaxxer.hikari.HikariDataSource       : HikariPool-1 - Starting...
2021-07-28 11:41:25.532  INFO 1222 --- [restartedMain] com.zaxxer.hikari.HikariDataSource       : HikariPool-1 - Start completed.
2021-07-28 11:41:25.539  INFO 1222 --- [restartedMain] o.s.b.a.h2.H2ConsoleAutoConfiguration    : H2 console available at '/h2-console'. Database available at 'jdbc:h2:mem:jpa_test'
2021-07-28 11:41:25.746  INFO 1222 --- [restartedMain] o.hibernate.jpa.internal.util.LogHelper  : HHH000204: Processing PersistenceUnitInfo [name: default]
2021-07-28 11:41:25.784  INFO 1222 --- [restartedMain] org.hibernate.Version                    : HHH000412: Hibernate ORM core version 5.4.29.Final
2021-07-28 11:41:25.882  INFO 1222 --- [restartedMain] o.hibernate.annotations.common.Version   : HCANN000001: Hibernate Commons Annotations {5.1.2.Final}
2021-07-28 11:41:25.970  INFO 1222 --- [restartedMain] org.hibernate.dialect.Dialect            : HHH000400: Using dialect: org.hibernate.dialect.H2Dialect
2021-07-28 11:41:26.433  INFO 1222 --- [restartedMain] o.h.e.t.j.p.i.JtaPlatformInitiator       : HHH000490: Using JtaPlatform implementation: [org.hibernate.engine.transaction.jta.platform.internal.NoJtaPlatform]
2021-07-28 11:41:26.441  INFO 1222 --- [restartedMain] j.LocalContainerEntityManagerFactoryBean : Initialized JPA EntityManagerFactory for persistence unit 'default'
2021-07-28 11:41:26.466  INFO 1222 --- [restartedMain] o.s.b.d.a.OptionalLiveReloadServer       : LiveReload server is running on port 35729
2021-07-28 11:41:26.891  WARN 1222 --- [restartedMain] JpaBaseConfiguration$JpaWebConfiguration : spring.jpa.open-in-view is enabled by default. Therefore, database queries may be performed during view rendering. Explicitly configure spring.jpa.open-in-view to disable this warning
2021-07-28 11:41:27.129  INFO 1222 --- [restartedMain] o.s.s.concurrent.ThreadPoolTaskExecutor  : Initializing ExecutorService 'applicationTaskExecutor'
2021-07-28 11:41:27.285  INFO 1222 --- [restartedMain] o.s.b.w.embedded.tomcat.TomcatWebServer  : Tomcat started on port(s): 8888 (http) with context path ''
2021-07-28 11:41:27.464  INFO 1222 --- [restartedMain] c.e.share.demo.ShareDemoApplication      : Started ShareDemoApplication in 3.889 seconds (JVM running for 4.504)
2021-07-28 11:43:47.724  INFO 1222 --- [SpringContextShutdownHook] o.s.s.concurrent.ThreadPoolTaskExecutor  : Shutting down ExecutorService 'applicationTaskExecutor'
2021-07-28 11:43:47.728  INFO 1222 --- [SpringContextShutdownHook] j.LocalContainerEntityManagerFactoryBean : Closing JPA EntityManagerFactory for persistence unit 'default'
2021-07-28 11:43:47.942  WARN 1222 --- [SpringContextShutdownHook] o.s.b.f.support.DisposableBeanAdapter    : Invocation of destroy method failed on bean with name 'inMemoryDatabaseShutdownExecutor': org.h2.jdbc.JdbcSQLNonTransientConnectionException: Database is already closed (to disable automatic closing at VM shutdown, add ";DB_CLOSE_ON_EXIT=FALSE" to the db URL) [90121-200]
2021-07-28 11:43:47.942  INFO 1222 --- [SpringContextShutdownHook] com.zaxxer.hikari.HikariDataSource       : HikariPool-1 - Shutdown initiated...
2021-07-28 11:43:47.943  INFO 1222 --- [SpringContextShutdownHook] com.zaxxer.hikari.HikariDataSource       : HikariPool-1 - Shutdown completed.
2021-07-28 11:45:06.326  INFO 1287 --- [main] c.e.s.demo.ShareDemoApplicationTests     : Starting ShareDemoApplicationTests using Java 11.0.11 on JaphydeMacBook-Pro.local with PID 1287 (started by japhy in /Users/japhy/Downloads/share-demo)
2021-07-28 11:45:06.328  INFO 1287 --- [main] c.e.s.demo.ShareDemoApplicationTests     : No active profile set, falling back to default profiles: default
2021-07-28 11:45:07.197  INFO 1287 --- [main] .s.d.r.c.RepositoryConfigurationDelegate : Bootstrapping Spring Data JPA repositories in DEFAULT mode.
2021-07-28 11:45:07.243  INFO 1287 --- [main] .s.d.r.c.RepositoryConfigurationDelegate : Finished Spring Data repository scanning in 38 ms. Found 1 JPA repository interfaces.
2021-07-28 11:45:08.064  INFO 1287 --- [main] o.hibernate.jpa.internal.util.LogHelper  : HHH000204: Processing PersistenceUnitInfo [name: default]
2021-07-28 11:45:08.119  INFO 1287 --- [main] org.hibernate.Version                    : HHH000412: Hibernate ORM core version 5.4.29.Final
2021-07-28 11:45:08.242  INFO 1287 --- [main] o.hibernate.annotations.common.Version   : HCANN000001: Hibernate Commons Annotations {5.1.2.Final}
2021-07-28 11:45:08.368  INFO 1287 --- [main] com.zaxxer.hikari.HikariDataSource       : HikariPool-1 - Starting...
2021-07-28 11:45:08.581  INFO 1287 --- [main] com.zaxxer.hikari.HikariDataSource       : HikariPool-1 - Start completed.
2021-07-28 11:45:08.643  INFO 1287 --- [main] org.hibernate.dialect.Dialect            : HHH000400: Using dialect: org.hibernate.dialect.H2Dialect
2021-07-28 11:45:09.344  INFO 1287 --- [main] o.h.e.t.j.p.i.JtaPlatformInitiator       : HHH000490: Using JtaPlatform implementation: [org.hibernate.engine.transaction.jta.platform.internal.NoJtaPlatform]
2021-07-28 11:45:09.360  INFO 1287 --- [main] j.LocalContainerEntityManagerFactoryBean : Initialized JPA EntityManagerFactory for persistence unit 'default'
2021-07-28 11:45:10.215  WARN 1287 --- [main] JpaBaseConfiguration$JpaWebConfiguration : spring.jpa.open-in-view is enabled by default. Therefore, database queries may be performed during view rendering. Explicitly configure spring.jpa.open-in-view to disable this warning
2021-07-28 11:45:10.352  INFO 1287 --- [main] o.s.b.a.h2.H2ConsoleAutoConfiguration    : H2 console available at '/h2-console'. Database available at 'jdbc:h2:mem:jpa_test'
2021-07-28 11:45:11.135  INFO 1287 --- [main] o.s.s.concurrent.ThreadPoolTaskExecutor  : Initializing ExecutorService 'applicationTaskExecutor'
2021-07-28 11:45:11.757  INFO 1287 --- [main] c.e.s.demo.ShareDemoApplicationTests     : Started ShareDemoApplicationTests in 6.043 seconds (JVM running for 7.008)
2021-07-28 11:45:11.920  INFO 1287 --- [SpringContextShutdownHook] o.s.s.concurrent.ThreadPoolTaskExecutor  : Shutting down ExecutorService 'applicationTaskExecutor'
2021-07-28 11:45:11.925  INFO 1287 --- [SpringContextShutdownHook] j.LocalContainerEntityManagerFactoryBean : Closing JPA EntityManagerFactory for persistence unit 'default'
2021-07-28 11:45:11.929  INFO 1287 --- [SpringContextShutdownHook] com.zaxxer.hikari.HikariDataSource       : HikariPool-1 - Shutdown initiated...
2021-07-28 11:45:11.934  INFO 1287 --- [SpringContextShutdownHook] com.zaxxer.hikari.HikariDataSource       : HikariPool-1 - Shutdown completed.
